ninja: Entering directory `/Users/osdnk/Projects/newfeatures/android/app/.cxx/cmake/debug/arm64-v8a'
[1/2] Building CXX object CMakeFiles/newfeatures.dir/cpp-bindings.cpp.o
[2/2] Linking CXX shared library /Users/osdnk/Projects/newfeatures/android/app/build/intermediates/cmake/debug/obj/arm64-v8a/libnewfeatures.so
FAILED: /Users/osdnk/Projects/newfeatures/android/app/build/intermediates/cmake/debug/obj/arm64-v8a/libnewfeatures.so 
: && /Users/osdnk/Library/Android/sdk/ndk/21.4.7075529/toolchains/llvm/prebuilt/darwin-x86_64/bin/clang++ --target=aarch64-none-linux-android21 --gcc-toolchain=/Users/osdnk/Library/Android/sdk/ndk/21.4.7075529/toolchains/llvm/prebuilt/darwin-x86_64 --sysroot=/Users/osdnk/Library/Android/sdk/ndk/21.4.7075529/toolchains/llvm/prebuilt/darwin-x86_64/sysroot -fPIC -DFOLLY_NO_CONFIG=1 -DFOLLY_HAVE_CLOCK_GETTIME=1 -DFOLLY_HAVE_MEMRCHR=1 -DFOLLY_USE_LIBCPP=1 -DFOLLY_MOBILE=1 -DON_ANDROID -O0 -fno-limit-debug-info  -Wl,--exclude-libs,libgcc.a -Wl,--exclude-libs,libgcc_real.a -Wl,--exclude-libs,libatomic.a -Wl,--build-id -Wl,--fatal-warnings -Wl,--no-undefined -Qunused-arguments -shared -Wl,-soname,libnewfeatures.so -o /Users/osdnk/Projects/newfeatures/android/app/build/intermediates/cmake/debug/obj/arm64-v8a/libnewfeatures.so CMakeFiles/newfeatures.dir/cpp-bindings.cpp.o CMakeFiles/newfeatures.dir/Users/osdnk/Projects/newfeatures/node_modules/react-native/ReactCommon/jsi/jsi/jsi.cpp.o CMakeFiles/newfeatures.dir/Users/osdnk/Projects/newfeatures/node_modules/react-native/ReactCommon/jsi/jsi/JSIDynamic.cpp.o -L/Users/osdnk/Projects/newfeatures/android/app/build/react-native-0.66.0.aar/jni/arm64-v8a -llog -lreactnativejni -lreactnativeutilsjni -lfbjni -lfolly_json -lglog -landroid -latomic -lm && :
CMakeFiles/newfeatures.dir/cpp-bindings.cpp.o: In function `SampleJSIModulePackage::installNative(facebook::jni::alias_ref<facebook::jni::JClass>, long)':
cpp-bindings.cpp:(.text._ZN22SampleJSIModulePackage13installNativeEN8facebook3jni9alias_refINS1_6JClassEEEl[_ZN22SampleJSIModulePackage13installNativeEN8facebook3jni9alias_refINS1_6JClassEEEl]+0x20): undefined reference to `osdnk::samplemodule::installNative(facebook::jsi::Runtime&)'
clang++: error: linker command failed with exit code 1 (use -v to see invocation)
ninja: build stopped: subcommand failed.
